<?xml version="1.0" encoding="UTF-8"?>
<!-- Generated by org.testng.reporters.JUnitXMLReporter -->
<testsuite hostname="Neha" name="Default test" tests="4" failures="0" timestamp="3 Jan 2017 11:50:40 GMT" time="33.313" errors="0">
  <testcase name="" time="4.798" classname="heartkeeper.Signup"/>
  <testcase name="" time="9.717" classname="heartkeeper.Signup"/>
  <testcase name="" time="3.179" classname="heartkeeper.Signup"/>
  <testcase name="" time="5.728" classname="heartkeeper.Signup"/>
</testsuite> <!-- Default test -->
